{
  "title": "",
  "ctx": null,
  "suites": [
    {
      "title": "Generic Test Suite",
      "ctx": null,
      "suites": [
        {
          "title": "example-sdk",
          "ctx": null,
          "suites": [],
          "tests": [
            {
              "type": "test",
              "title": "Requirement 1: The credential must have a valid identifier (Valid)",
              "body": "async function() {\n          if (!features[requiredFeature]) {\n            console.log(`Skipping test \"${testName}\" for ${i.name} due to missing feature: ${requiredFeature}`);\n            this.skip();\n            return;\n          }\n\n          console.log(`Running test: ${testName} for implementation: ${i.name}`);\n          await generateTestResults(i.name, testConfig);\n          this.test.cell = {columnId: i.name, rowId: testName};\n          const result = await checkTestResults(i.name, testConfig);\n          console.log(`Test result for ${i.name} - ${testName}: ${result}`);\n          should.equal(result, testConfig.expected_result);\n\n          // Log the test result in a format that matches the report generator's expectations\n          console.log(`Reporter data: ${this.test.cell.columnId},${this.test.cell.rowId},${result}`);\n        }",
              "async": 0,
              "sync": true,
              "_timeout": 150000,
              "_slow": 75,
              "_retries": -1,
              "timedOut": false,
              "_currentRetry": 0,
              "pending": false,
              "file": "/home/runner/work/vc-jose-cose-test-suite/vc-jose-cose-test-suite/tests/test-runner.js",
              "parent": "GvigNdDoD5L9_ORzkKYmG",
              "ctx": null,
              "_testId": "urn:uuid:caef27ed-aae2-4221-af80-2a1c76e3a11a",
              "_events": {},
              "_eventsCount": 1,
              "timer": {
                "_idleTimeout": -1,
                "_idlePrev": null,
                "_idleNext": null,
                "_idleStart": 17962,
                "_onTimeout": null,
                "_repeat": null,
                "_destroyed": true
              },
              "cell": {
                "columnId": "example-sdk",
                "rowId": "Requirement 1: The credential must have a valid identifier (Valid)"
              },
              "duration": 17901,
              "state": "passed",
              "speed": "slow"
            },
            {
              "type": "test",
              "title": "Requirement 1: The credential must have a valid identifier (Invalid)",
              "body": "async function() {\n          if (!features[requiredFeature]) {\n            console.log(`Skipping test \"${testName}\" for ${i.name} due to missing feature: ${requiredFeature}`);\n            this.skip();\n            return;\n          }\n\n          console.log(`Running test: ${testName} for implementation: ${i.name}`);\n          await generateTestResults(i.name, testConfig);\n          this.test.cell = {columnId: i.name, rowId: testName};\n          const result = await checkTestResults(i.name, testConfig);\n          console.log(`Test result for ${i.name} - ${testName}: ${result}`);\n          should.equal(result, testConfig.expected_result);\n\n          // Log the test result in a format that matches the report generator's expectations\n          console.log(`Reporter data: ${this.test.cell.columnId},${this.test.cell.rowId},${result}`);\n        }",
              "async": 0,
              "sync": true,
              "_timeout": 150000,
              "_slow": 75,
              "_retries": -1,
              "timedOut": false,
              "_currentRetry": 0,
              "pending": false,
              "file": "/home/runner/work/vc-jose-cose-test-suite/vc-jose-cose-test-suite/tests/test-runner.js",
              "parent": "GvigNdDoD5L9_ORzkKYmG",
              "ctx": null,
              "_testId": "urn:uuid:453df08c-873d-4097-9f60-5f8fd1e86c6a",
              "_events": {},
              "_eventsCount": 1,
              "timer": {
                "_idleTimeout": -1,
                "_idlePrev": null,
                "_idleNext": null,
                "_idleStart": 18457,
                "_onTimeout": null,
                "_repeat": null,
                "_destroyed": true
              },
              "cell": {
                "columnId": "example-sdk",
                "rowId": "Requirement 1: The credential must have a valid identifier (Invalid)"
              },
              "duration": 493,
              "state": "passed",
              "speed": "slow"
            },
            {
              "type": "test",
              "title": "Requirement 2: The credential must have the correct type (Valid)",
              "body": "async function() {\n          if (!features[requiredFeature]) {\n            console.log(`Skipping test \"${testName}\" for ${i.name} due to missing feature: ${requiredFeature}`);\n            this.skip();\n            return;\n          }\n\n          console.log(`Running test: ${testName} for implementation: ${i.name}`);\n          await generateTestResults(i.name, testConfig);\n          this.test.cell = {columnId: i.name, rowId: testName};\n          const result = await checkTestResults(i.name, testConfig);\n          console.log(`Test result for ${i.name} - ${testName}: ${result}`);\n          should.equal(result, testConfig.expected_result);\n\n          // Log the test result in a format that matches the report generator's expectations\n          console.log(`Reporter data: ${this.test.cell.columnId},${this.test.cell.rowId},${result}`);\n        }",
              "async": 0,
              "sync": true,
              "_timeout": 150000,
              "_slow": 75,
              "_retries": -1,
              "timedOut": false,
              "_currentRetry": 0,
              "pending": false,
              "file": "/home/runner/work/vc-jose-cose-test-suite/vc-jose-cose-test-suite/tests/test-runner.js",
              "parent": "GvigNdDoD5L9_ORzkKYmG",
              "ctx": null,
              "_testId": "urn:uuid:568c7061-248a-4f09-8b1b-a9913afa3cac",
              "_events": {},
              "_eventsCount": 1,
              "timer": {
                "_idleTimeout": -1,
                "_idlePrev": null,
                "_idleNext": null,
                "_idleStart": 18942,
                "_onTimeout": null,
                "_repeat": null,
                "_destroyed": true
              },
              "cell": {
                "columnId": "example-sdk",
                "rowId": "Requirement 2: The credential must have the correct type (Valid)"
              },
              "duration": 485,
              "state": "passed",
              "speed": "slow"
            },
            {
              "type": "test",
              "title": "Requirement 2: The credential must have the correct type (Invalid)",
              "body": "async function() {\n          if (!features[requiredFeature]) {\n            console.log(`Skipping test \"${testName}\" for ${i.name} due to missing feature: ${requiredFeature}`);\n            this.skip();\n            return;\n          }\n\n          console.log(`Running test: ${testName} for implementation: ${i.name}`);\n          await generateTestResults(i.name, testConfig);\n          this.test.cell = {columnId: i.name, rowId: testName};\n          const result = await checkTestResults(i.name, testConfig);\n          console.log(`Test result for ${i.name} - ${testName}: ${result}`);\n          should.equal(result, testConfig.expected_result);\n\n          // Log the test result in a format that matches the report generator's expectations\n          console.log(`Reporter data: ${this.test.cell.columnId},${this.test.cell.rowId},${result}`);\n        }",
              "async": 0,
              "sync": true,
              "_timeout": 150000,
              "_slow": 75,
              "_retries": -1,
              "timedOut": false,
              "_currentRetry": 0,
              "pending": false,
              "file": "/home/runner/work/vc-jose-cose-test-suite/vc-jose-cose-test-suite/tests/test-runner.js",
              "parent": "GvigNdDoD5L9_ORzkKYmG",
              "ctx": null,
              "_testId": "urn:uuid:68d3b6bf-3019-4233-b771-763131a38e4f",
              "_events": {},
              "_eventsCount": 1,
              "timer": {
                "_idleTimeout": -1,
                "_idlePrev": null,
                "_idleNext": null,
                "_idleStart": 19423,
                "_onTimeout": null,
                "_repeat": null,
                "_destroyed": true
              },
              "cell": {
                "columnId": "example-sdk",
                "rowId": "Requirement 2: The credential must have the correct type (Invalid)"
              },
              "duration": 481,
              "state": "passed",
              "speed": "slow"
            },
            {
              "type": "test",
              "title": "Requirement 3: The credential must have a valid issuance date (Valid)",
              "body": "async function() {\n          if (!features[requiredFeature]) {\n            console.log(`Skipping test \"${testName}\" for ${i.name} due to missing feature: ${requiredFeature}`);\n            this.skip();\n            return;\n          }\n\n          console.log(`Running test: ${testName} for implementation: ${i.name}`);\n          await generateTestResults(i.name, testConfig);\n          this.test.cell = {columnId: i.name, rowId: testName};\n          const result = await checkTestResults(i.name, testConfig);\n          console.log(`Test result for ${i.name} - ${testName}: ${result}`);\n          should.equal(result, testConfig.expected_result);\n\n          // Log the test result in a format that matches the report generator's expectations\n          console.log(`Reporter data: ${this.test.cell.columnId},${this.test.cell.rowId},${result}`);\n        }",
              "async": 0,
              "sync": true,
              "_timeout": 150000,
              "_slow": 75,
              "_retries": -1,
              "timedOut": false,
              "_currentRetry": 0,
              "pending": false,
              "file": "/home/runner/work/vc-jose-cose-test-suite/vc-jose-cose-test-suite/tests/test-runner.js",
              "parent": "GvigNdDoD5L9_ORzkKYmG",
              "ctx": null,
              "_testId": "urn:uuid:bcafcd57-7b35-465c-a6fb-cf15704d7acc",
              "_events": {},
              "_eventsCount": 1,
              "timer": {
                "_idleTimeout": -1,
                "_idlePrev": null,
                "_idleNext": null,
                "_idleStart": 19898,
                "_onTimeout": null,
                "_repeat": null,
                "_destroyed": true
              },
              "cell": {
                "columnId": "example-sdk",
                "rowId": "Requirement 3: The credential must have a valid issuance date (Valid)"
              },
              "duration": 475,
              "state": "passed",
              "speed": "slow"
            },
            {
              "type": "test",
              "title": "Requirement 3: The credential must have a valid issuance date (Invalid)",
              "body": "async function() {\n          if (!features[requiredFeature]) {\n            console.log(`Skipping test \"${testName}\" for ${i.name} due to missing feature: ${requiredFeature}`);\n            this.skip();\n            return;\n          }\n\n          console.log(`Running test: ${testName} for implementation: ${i.name}`);\n          await generateTestResults(i.name, testConfig);\n          this.test.cell = {columnId: i.name, rowId: testName};\n          const result = await checkTestResults(i.name, testConfig);\n          console.log(`Test result for ${i.name} - ${testName}: ${result}`);\n          should.equal(result, testConfig.expected_result);\n\n          // Log the test result in a format that matches the report generator's expectations\n          console.log(`Reporter data: ${this.test.cell.columnId},${this.test.cell.rowId},${result}`);\n        }",
              "async": 0,
              "sync": true,
              "_timeout": 150000,
              "_slow": 75,
              "_retries": -1,
              "timedOut": false,
              "_currentRetry": 0,
              "pending": false,
              "file": "/home/runner/work/vc-jose-cose-test-suite/vc-jose-cose-test-suite/tests/test-runner.js",
              "parent": "GvigNdDoD5L9_ORzkKYmG",
              "ctx": null,
              "_testId": "urn:uuid:7fd0a3e4-a4ca-446a-8b3e-22adf50243e2",
              "_events": {},
              "_eventsCount": 1,
              "timer": {
                "_idleTimeout": -1,
                "_idlePrev": null,
                "_idleNext": null,
                "_idleStart": 20388,
                "_onTimeout": null,
                "_repeat": null,
                "_destroyed": true
              },
              "cell": {
                "columnId": "example-sdk",
                "rowId": "Requirement 3: The credential must have a valid issuance date (Invalid)"
              },
              "duration": 490,
              "state": "passed",
              "speed": "slow"
            }
          ],
          "root": false,
          "pending": false,
          "_retries": -1,
          "_beforeEach": [],
          "_beforeAll": [],
          "_afterEach": [],
          "_afterAll": [],
          "_timeout": 150000,
          "_slow": 75,
          "_bail": false,
          "_onlyTests": [],
          "_onlySuites": [],
          "delayed": false,
          "parent": "GD3HmdT8QNQ3T-kTmF9YE",
          "file": "/home/runner/work/vc-jose-cose-test-suite/vc-jose-cose-test-suite/tests/test-runner.js",
          "_testId": "urn:uuid:5da3d9f9-9d58-4375-a37b-98e8f8601539"
        },
        {
          "title": "example-server",
          "ctx": null,
          "suites": [],
          "tests": [
            {
              "type": "test",
              "title": "Requirement 1: The credential must have a valid identifier (Valid)",
              "body": "async function() {\n          if (!features[requiredFeature]) {\n            console.log(`Skipping test \"${testName}\" for ${i.name} due to missing feature: ${requiredFeature}`);\n            this.skip();\n            return;\n          }\n\n          console.log(`Running test: ${testName} for implementation: ${i.name}`);\n          await generateTestResults(i.name, testConfig);\n          this.test.cell = {columnId: i.name, rowId: testName};\n          const result = await checkTestResults(i.name, testConfig);\n          console.log(`Test result for ${i.name} - ${testName}: ${result}`);\n          should.equal(result, testConfig.expected_result);\n\n          // Log the test result in a format that matches the report generator's expectations\n          console.log(`Reporter data: ${this.test.cell.columnId},${this.test.cell.rowId},${result}`);\n        }",
              "async": 0,
              "sync": true,
              "_timeout": 150000,
              "_slow": 75,
              "_retries": -1,
              "timedOut": false,
              "_currentRetry": 0,
              "pending": false,
              "file": "/home/runner/work/vc-jose-cose-test-suite/vc-jose-cose-test-suite/tests/test-runner.js",
              "parent": "RPZPjTIcc4cZtT_rmH5O5",
              "ctx": null,
              "_testId": "urn:uuid:e2586f32-0315-45df-8c1e-8347c2979f08",
              "_events": {},
              "_eventsCount": 1,
              "timer": {
                "_idleTimeout": -1,
                "_idlePrev": null,
                "_idleNext": null,
                "_idleStart": 38539,
                "_onTimeout": null,
                "_repeat": null,
                "_destroyed": true
              },
              "cell": {
                "columnId": "example-server",
                "rowId": "Requirement 1: The credential must have a valid identifier (Valid)"
              },
              "duration": 18148,
              "state": "passed",
              "speed": "slow"
            },
            {
              "type": "test",
              "title": "Requirement 1: The credential must have a valid identifier (Invalid)",
              "body": "async function() {\n          if (!features[requiredFeature]) {\n            console.log(`Skipping test \"${testName}\" for ${i.name} due to missing feature: ${requiredFeature}`);\n            this.skip();\n            return;\n          }\n\n          console.log(`Running test: ${testName} for implementation: ${i.name}`);\n          await generateTestResults(i.name, testConfig);\n          this.test.cell = {columnId: i.name, rowId: testName};\n          const result = await checkTestResults(i.name, testConfig);\n          console.log(`Test result for ${i.name} - ${testName}: ${result}`);\n          should.equal(result, testConfig.expected_result);\n\n          // Log the test result in a format that matches the report generator's expectations\n          console.log(`Reporter data: ${this.test.cell.columnId},${this.test.cell.rowId},${result}`);\n        }",
              "async": 0,
              "sync": true,
              "_timeout": 150000,
              "_slow": 75,
              "_retries": -1,
              "timedOut": false,
              "_currentRetry": 0,
              "pending": false,
              "file": "/home/runner/work/vc-jose-cose-test-suite/vc-jose-cose-test-suite/tests/test-runner.js",
              "parent": "RPZPjTIcc4cZtT_rmH5O5",
              "ctx": null,
              "_testId": "urn:uuid:ce01df2e-dad2-4081-9f8b-e5782f7391de",
              "_events": {},
              "_eventsCount": 1,
              "timer": {
                "_idleTimeout": -1,
                "_idlePrev": null,
                "_idleNext": null,
                "_idleStart": 41099,
                "_onTimeout": null,
                "_repeat": null,
                "_destroyed": true
              },
              "cell": {
                "columnId": "example-server",
                "rowId": "Requirement 1: The credential must have a valid identifier (Invalid)"
              },
              "duration": 2561,
              "state": "passed",
              "speed": "slow"
            },
            {
              "type": "test",
              "title": "Requirement 2: The credential must have the correct type (Valid)",
              "body": "async function() {\n          if (!features[requiredFeature]) {\n            console.log(`Skipping test \"${testName}\" for ${i.name} due to missing feature: ${requiredFeature}`);\n            this.skip();\n            return;\n          }\n\n          console.log(`Running test: ${testName} for implementation: ${i.name}`);\n          await generateTestResults(i.name, testConfig);\n          this.test.cell = {columnId: i.name, rowId: testName};\n          const result = await checkTestResults(i.name, testConfig);\n          console.log(`Test result for ${i.name} - ${testName}: ${result}`);\n          should.equal(result, testConfig.expected_result);\n\n          // Log the test result in a format that matches the report generator's expectations\n          console.log(`Reporter data: ${this.test.cell.columnId},${this.test.cell.rowId},${result}`);\n        }",
              "async": 0,
              "sync": true,
              "_timeout": 150000,
              "_slow": 75,
              "_retries": -1,
              "timedOut": false,
              "_currentRetry": 0,
              "pending": true,
              "file": "/home/runner/work/vc-jose-cose-test-suite/vc-jose-cose-test-suite/tests/test-runner.js",
              "parent": "RPZPjTIcc4cZtT_rmH5O5",
              "ctx": null,
              "_testId": "urn:uuid:fe9eb852-57de-4542-add6-079e0579bc76",
              "_events": {},
              "_eventsCount": 1,
              "timer": {
                "_idleTimeout": -1,
                "_idlePrev": null,
                "_idleNext": null,
                "_idleStart": 41251,
                "_onTimeout": null,
                "_repeat": null,
                "_destroyed": true
              },
              "duration": 1,
              "state": "pending"
            },
            {
              "type": "test",
              "title": "Requirement 2: The credential must have the correct type (Invalid)",
              "body": "async function() {\n          if (!features[requiredFeature]) {\n            console.log(`Skipping test \"${testName}\" for ${i.name} due to missing feature: ${requiredFeature}`);\n            this.skip();\n            return;\n          }\n\n          console.log(`Running test: ${testName} for implementation: ${i.name}`);\n          await generateTestResults(i.name, testConfig);\n          this.test.cell = {columnId: i.name, rowId: testName};\n          const result = await checkTestResults(i.name, testConfig);\n          console.log(`Test result for ${i.name} - ${testName}: ${result}`);\n          should.equal(result, testConfig.expected_result);\n\n          // Log the test result in a format that matches the report generator's expectations\n          console.log(`Reporter data: ${this.test.cell.columnId},${this.test.cell.rowId},${result}`);\n        }",
              "async": 0,
              "sync": true,
              "_timeout": 150000,
              "_slow": 75,
              "_retries": -1,
              "timedOut": false,
              "_currentRetry": 0,
              "pending": true,
              "file": "/home/runner/work/vc-jose-cose-test-suite/vc-jose-cose-test-suite/tests/test-runner.js",
              "parent": "RPZPjTIcc4cZtT_rmH5O5",
              "ctx": null,
              "_testId": "urn:uuid:3c3c5430-1b00-4ed4-878c-f2e88fd4bba0",
              "_events": {},
              "_eventsCount": 1,
              "timer": {
                "_idleTimeout": -1,
                "_idlePrev": null,
                "_idleNext": null,
                "_idleStart": 41251,
                "_onTimeout": null,
                "_repeat": null,
                "_destroyed": true
              },
              "duration": 0,
              "state": "pending"
            },
            {
              "type": "test",
              "title": "Requirement 3: The credential must have a valid issuance date (Valid)",
              "body": "async function() {\n          if (!features[requiredFeature]) {\n            console.log(`Skipping test \"${testName}\" for ${i.name} due to missing feature: ${requiredFeature}`);\n            this.skip();\n            return;\n          }\n\n          console.log(`Running test: ${testName} for implementation: ${i.name}`);\n          await generateTestResults(i.name, testConfig);\n          this.test.cell = {columnId: i.name, rowId: testName};\n          const result = await checkTestResults(i.name, testConfig);\n          console.log(`Test result for ${i.name} - ${testName}: ${result}`);\n          should.equal(result, testConfig.expected_result);\n\n          // Log the test result in a format that matches the report generator's expectations\n          console.log(`Reporter data: ${this.test.cell.columnId},${this.test.cell.rowId},${result}`);\n        }",
              "async": 0,
              "sync": true,
              "_timeout": 150000,
              "_slow": 75,
              "_retries": -1,
              "timedOut": false,
              "_currentRetry": 0,
              "pending": false,
              "file": "/home/runner/work/vc-jose-cose-test-suite/vc-jose-cose-test-suite/tests/test-runner.js",
              "parent": "RPZPjTIcc4cZtT_rmH5O5",
              "ctx": null,
              "_testId": "urn:uuid:5bf5c961-8faa-4795-b8f0-ce4358dfcf85",
              "_events": {},
              "_eventsCount": 1,
              "timer": {
                "_idleTimeout": -1,
                "_idlePrev": null,
                "_idleNext": null,
                "_idleStart": 43650,
                "_onTimeout": null,
                "_repeat": null,
                "_destroyed": true
              },
              "cell": {
                "columnId": "example-server",
                "rowId": "Requirement 3: The credential must have a valid issuance date (Valid)"
              },
              "duration": 2550,
              "state": "passed",
              "speed": "slow"
            },
            {
              "type": "test",
              "title": "Requirement 3: The credential must have a valid issuance date (Invalid)",
              "body": "async function() {\n          if (!features[requiredFeature]) {\n            console.log(`Skipping test \"${testName}\" for ${i.name} due to missing feature: ${requiredFeature}`);\n            this.skip();\n            return;\n          }\n\n          console.log(`Running test: ${testName} for implementation: ${i.name}`);\n          await generateTestResults(i.name, testConfig);\n          this.test.cell = {columnId: i.name, rowId: testName};\n          const result = await checkTestResults(i.name, testConfig);\n          console.log(`Test result for ${i.name} - ${testName}: ${result}`);\n          should.equal(result, testConfig.expected_result);\n\n          // Log the test result in a format that matches the report generator's expectations\n          console.log(`Reporter data: ${this.test.cell.columnId},${this.test.cell.rowId},${result}`);\n        }",
              "async": 0,
              "sync": true,
              "_timeout": 150000,
              "_slow": 75,
              "_retries": -1,
              "timedOut": false,
              "_currentRetry": 0,
              "pending": false,
              "file": "/home/runner/work/vc-jose-cose-test-suite/vc-jose-cose-test-suite/tests/test-runner.js",
              "parent": "RPZPjTIcc4cZtT_rmH5O5",
              "ctx": null,
              "_testId": "urn:uuid:6088cdff-39b4-4935-ad74-f08af31359bb",
              "_events": {},
              "_eventsCount": 1,
              "timer": {
                "_idleTimeout": -1,
                "_idlePrev": null,
                "_idleNext": null,
                "_idleStart": 46185,
                "_onTimeout": null,
                "_repeat": null,
                "_destroyed": true
              },
              "cell": {
                "columnId": "example-server",
                "rowId": "Requirement 3: The credential must have a valid issuance date (Invalid)"
              },
              "duration": 2534,
              "state": "passed",
              "speed": "slow"
            }
          ],
          "root": false,
          "pending": false,
          "_retries": -1,
          "_beforeEach": [],
          "_beforeAll": [],
          "_afterEach": [],
          "_afterAll": [],
          "_timeout": 150000,
          "_slow": 75,
          "_bail": false,
          "_onlyTests": [],
          "_onlySuites": [],
          "delayed": false,
          "parent": "GD3HmdT8QNQ3T-kTmF9YE",
          "file": "/home/runner/work/vc-jose-cose-test-suite/vc-jose-cose-test-suite/tests/test-runner.js",
          "_testId": "urn:uuid:772bf1c6-756d-4b8c-b190-1b5a05567da5"
        }
      ],
      "tests": [
        {
          "type": "test",
          "title": "Requirement 1: The credential must have a valid identifier (Valid)",
          "body": "async function() {\n          if (!features[requiredFeature]) {\n            console.log(`Skipping test \"${testName}\" for ${i.name} due to missing feature: ${requiredFeature}`);\n            this.skip();\n            return;\n          }\n\n          console.log(`Running test: ${testName} for implementation: ${i.name}`);\n          await generateTestResults(i.name, testConfig);\n          this.test.cell = {columnId: i.name, rowId: testName};\n          const result = await checkTestResults(i.name, testConfig);\n          console.log(`Test result for ${i.name} - ${testName}: ${result}`);\n          should.equal(result, testConfig.expected_result);\n\n          // Log the test result in a format that matches the report generator's expectations\n          console.log(`Reporter data: ${this.test.cell.columnId},${this.test.cell.rowId},${result}`);\n        }",
          "async": 0,
          "sync": true,
          "_timeout": 150000,
          "_slow": 75,
          "_retries": -1,
          "timedOut": false,
          "_currentRetry": 0,
          "pending": false,
          "file": "/home/runner/work/vc-jose-cose-test-suite/vc-jose-cose-test-suite/tests/test-runner.js",
          "parent": "GvigNdDoD5L9_ORzkKYmG",
          "ctx": null,
          "_testId": "urn:uuid:caef27ed-aae2-4221-af80-2a1c76e3a11a",
          "_events": {},
          "_eventsCount": 1,
          "timer": {
            "_idleTimeout": -1,
            "_idlePrev": null,
            "_idleNext": null,
            "_idleStart": 17962,
            "_onTimeout": null,
            "_repeat": null,
            "_destroyed": true
          },
          "cell": {
            "columnId": "example-sdk",
            "rowId": "Requirement 1: The credential must have a valid identifier (Valid)"
          },
          "duration": 17901,
          "state": "passed",
          "speed": "slow"
        },
        {
          "type": "test",
          "title": "Requirement 1: The credential must have a valid identifier (Invalid)",
          "body": "async function() {\n          if (!features[requiredFeature]) {\n            console.log(`Skipping test \"${testName}\" for ${i.name} due to missing feature: ${requiredFeature}`);\n            this.skip();\n            return;\n          }\n\n          console.log(`Running test: ${testName} for implementation: ${i.name}`);\n          await generateTestResults(i.name, testConfig);\n          this.test.cell = {columnId: i.name, rowId: testName};\n          const result = await checkTestResults(i.name, testConfig);\n          console.log(`Test result for ${i.name} - ${testName}: ${result}`);\n          should.equal(result, testConfig.expected_result);\n\n          // Log the test result in a format that matches the report generator's expectations\n          console.log(`Reporter data: ${this.test.cell.columnId},${this.test.cell.rowId},${result}`);\n        }",
          "async": 0,
          "sync": true,
          "_timeout": 150000,
          "_slow": 75,
          "_retries": -1,
          "timedOut": false,
          "_currentRetry": 0,
          "pending": false,
          "file": "/home/runner/work/vc-jose-cose-test-suite/vc-jose-cose-test-suite/tests/test-runner.js",
          "parent": "GvigNdDoD5L9_ORzkKYmG",
          "ctx": null,
          "_testId": "urn:uuid:453df08c-873d-4097-9f60-5f8fd1e86c6a",
          "_events": {},
          "_eventsCount": 1,
          "timer": {
            "_idleTimeout": -1,
            "_idlePrev": null,
            "_idleNext": null,
            "_idleStart": 18457,
            "_onTimeout": null,
            "_repeat": null,
            "_destroyed": true
          },
          "cell": {
            "columnId": "example-sdk",
            "rowId": "Requirement 1: The credential must have a valid identifier (Invalid)"
          },
          "duration": 493,
          "state": "passed",
          "speed": "slow"
        },
        {
          "type": "test",
          "title": "Requirement 2: The credential must have the correct type (Valid)",
          "body": "async function() {\n          if (!features[requiredFeature]) {\n            console.log(`Skipping test \"${testName}\" for ${i.name} due to missing feature: ${requiredFeature}`);\n            this.skip();\n            return;\n          }\n\n          console.log(`Running test: ${testName} for implementation: ${i.name}`);\n          await generateTestResults(i.name, testConfig);\n          this.test.cell = {columnId: i.name, rowId: testName};\n          const result = await checkTestResults(i.name, testConfig);\n          console.log(`Test result for ${i.name} - ${testName}: ${result}`);\n          should.equal(result, testConfig.expected_result);\n\n          // Log the test result in a format that matches the report generator's expectations\n          console.log(`Reporter data: ${this.test.cell.columnId},${this.test.cell.rowId},${result}`);\n        }",
          "async": 0,
          "sync": true,
          "_timeout": 150000,
          "_slow": 75,
          "_retries": -1,
          "timedOut": false,
          "_currentRetry": 0,
          "pending": false,
          "file": "/home/runner/work/vc-jose-cose-test-suite/vc-jose-cose-test-suite/tests/test-runner.js",
          "parent": "GvigNdDoD5L9_ORzkKYmG",
          "ctx": null,
          "_testId": "urn:uuid:568c7061-248a-4f09-8b1b-a9913afa3cac",
          "_events": {},
          "_eventsCount": 1,
          "timer": {
            "_idleTimeout": -1,
            "_idlePrev": null,
            "_idleNext": null,
            "_idleStart": 18942,
            "_onTimeout": null,
            "_repeat": null,
            "_destroyed": true
          },
          "cell": {
            "columnId": "example-sdk",
            "rowId": "Requirement 2: The credential must have the correct type (Valid)"
          },
          "duration": 485,
          "state": "passed",
          "speed": "slow"
        },
        {
          "type": "test",
          "title": "Requirement 2: The credential must have the correct type (Invalid)",
          "body": "async function() {\n          if (!features[requiredFeature]) {\n            console.log(`Skipping test \"${testName}\" for ${i.name} due to missing feature: ${requiredFeature}`);\n            this.skip();\n            return;\n          }\n\n          console.log(`Running test: ${testName} for implementation: ${i.name}`);\n          await generateTestResults(i.name, testConfig);\n          this.test.cell = {columnId: i.name, rowId: testName};\n          const result = await checkTestResults(i.name, testConfig);\n          console.log(`Test result for ${i.name} - ${testName}: ${result}`);\n          should.equal(result, testConfig.expected_result);\n\n          // Log the test result in a format that matches the report generator's expectations\n          console.log(`Reporter data: ${this.test.cell.columnId},${this.test.cell.rowId},${result}`);\n        }",
          "async": 0,
          "sync": true,
          "_timeout": 150000,
          "_slow": 75,
          "_retries": -1,
          "timedOut": false,
          "_currentRetry": 0,
          "pending": false,
          "file": "/home/runner/work/vc-jose-cose-test-suite/vc-jose-cose-test-suite/tests/test-runner.js",
          "parent": "GvigNdDoD5L9_ORzkKYmG",
          "ctx": null,
          "_testId": "urn:uuid:68d3b6bf-3019-4233-b771-763131a38e4f",
          "_events": {},
          "_eventsCount": 1,
          "timer": {
            "_idleTimeout": -1,
            "_idlePrev": null,
            "_idleNext": null,
            "_idleStart": 19423,
            "_onTimeout": null,
            "_repeat": null,
            "_destroyed": true
          },
          "cell": {
            "columnId": "example-sdk",
            "rowId": "Requirement 2: The credential must have the correct type (Invalid)"
          },
          "duration": 481,
          "state": "passed",
          "speed": "slow"
        },
        {
          "type": "test",
          "title": "Requirement 3: The credential must have a valid issuance date (Valid)",
          "body": "async function() {\n          if (!features[requiredFeature]) {\n            console.log(`Skipping test \"${testName}\" for ${i.name} due to missing feature: ${requiredFeature}`);\n            this.skip();\n            return;\n          }\n\n          console.log(`Running test: ${testName} for implementation: ${i.name}`);\n          await generateTestResults(i.name, testConfig);\n          this.test.cell = {columnId: i.name, rowId: testName};\n          const result = await checkTestResults(i.name, testConfig);\n          console.log(`Test result for ${i.name} - ${testName}: ${result}`);\n          should.equal(result, testConfig.expected_result);\n\n          // Log the test result in a format that matches the report generator's expectations\n          console.log(`Reporter data: ${this.test.cell.columnId},${this.test.cell.rowId},${result}`);\n        }",
          "async": 0,
          "sync": true,
          "_timeout": 150000,
          "_slow": 75,
          "_retries": -1,
          "timedOut": false,
          "_currentRetry": 0,
          "pending": false,
          "file": "/home/runner/work/vc-jose-cose-test-suite/vc-jose-cose-test-suite/tests/test-runner.js",
          "parent": "GvigNdDoD5L9_ORzkKYmG",
          "ctx": null,
          "_testId": "urn:uuid:bcafcd57-7b35-465c-a6fb-cf15704d7acc",
          "_events": {},
          "_eventsCount": 1,
          "timer": {
            "_idleTimeout": -1,
            "_idlePrev": null,
            "_idleNext": null,
            "_idleStart": 19898,
            "_onTimeout": null,
            "_repeat": null,
            "_destroyed": true
          },
          "cell": {
            "columnId": "example-sdk",
            "rowId": "Requirement 3: The credential must have a valid issuance date (Valid)"
          },
          "duration": 475,
          "state": "passed",
          "speed": "slow"
        },
        {
          "type": "test",
          "title": "Requirement 3: The credential must have a valid issuance date (Invalid)",
          "body": "async function() {\n          if (!features[requiredFeature]) {\n            console.log(`Skipping test \"${testName}\" for ${i.name} due to missing feature: ${requiredFeature}`);\n            this.skip();\n            return;\n          }\n\n          console.log(`Running test: ${testName} for implementation: ${i.name}`);\n          await generateTestResults(i.name, testConfig);\n          this.test.cell = {columnId: i.name, rowId: testName};\n          const result = await checkTestResults(i.name, testConfig);\n          console.log(`Test result for ${i.name} - ${testName}: ${result}`);\n          should.equal(result, testConfig.expected_result);\n\n          // Log the test result in a format that matches the report generator's expectations\n          console.log(`Reporter data: ${this.test.cell.columnId},${this.test.cell.rowId},${result}`);\n        }",
          "async": 0,
          "sync": true,
          "_timeout": 150000,
          "_slow": 75,
          "_retries": -1,
          "timedOut": false,
          "_currentRetry": 0,
          "pending": false,
          "file": "/home/runner/work/vc-jose-cose-test-suite/vc-jose-cose-test-suite/tests/test-runner.js",
          "parent": "GvigNdDoD5L9_ORzkKYmG",
          "ctx": null,
          "_testId": "urn:uuid:7fd0a3e4-a4ca-446a-8b3e-22adf50243e2",
          "_events": {},
          "_eventsCount": 1,
          "timer": {
            "_idleTimeout": -1,
            "_idlePrev": null,
            "_idleNext": null,
            "_idleStart": 20388,
            "_onTimeout": null,
            "_repeat": null,
            "_destroyed": true
          },
          "cell": {
            "columnId": "example-sdk",
            "rowId": "Requirement 3: The credential must have a valid issuance date (Invalid)"
          },
          "duration": 490,
          "state": "passed",
          "speed": "slow"
        },
        {
          "type": "test",
          "title": "Requirement 1: The credential must have a valid identifier (Valid)",
          "body": "async function() {\n          if (!features[requiredFeature]) {\n            console.log(`Skipping test \"${testName}\" for ${i.name} due to missing feature: ${requiredFeature}`);\n            this.skip();\n            return;\n          }\n\n          console.log(`Running test: ${testName} for implementation: ${i.name}`);\n          await generateTestResults(i.name, testConfig);\n          this.test.cell = {columnId: i.name, rowId: testName};\n          const result = await checkTestResults(i.name, testConfig);\n          console.log(`Test result for ${i.name} - ${testName}: ${result}`);\n          should.equal(result, testConfig.expected_result);\n\n          // Log the test result in a format that matches the report generator's expectations\n          console.log(`Reporter data: ${this.test.cell.columnId},${this.test.cell.rowId},${result}`);\n        }",
          "async": 0,
          "sync": true,
          "_timeout": 150000,
          "_slow": 75,
          "_retries": -1,
          "timedOut": false,
          "_currentRetry": 0,
          "pending": false,
          "file": "/home/runner/work/vc-jose-cose-test-suite/vc-jose-cose-test-suite/tests/test-runner.js",
          "parent": "RPZPjTIcc4cZtT_rmH5O5",
          "ctx": null,
          "_testId": "urn:uuid:e2586f32-0315-45df-8c1e-8347c2979f08",
          "_events": {},
          "_eventsCount": 1,
          "timer": {
            "_idleTimeout": -1,
            "_idlePrev": null,
            "_idleNext": null,
            "_idleStart": 38539,
            "_onTimeout": null,
            "_repeat": null,
            "_destroyed": true
          },
          "cell": {
            "columnId": "example-server",
            "rowId": "Requirement 1: The credential must have a valid identifier (Valid)"
          },
          "duration": 18148,
          "state": "passed",
          "speed": "slow"
        },
        {
          "type": "test",
          "title": "Requirement 1: The credential must have a valid identifier (Invalid)",
          "body": "async function() {\n          if (!features[requiredFeature]) {\n            console.log(`Skipping test \"${testName}\" for ${i.name} due to missing feature: ${requiredFeature}`);\n            this.skip();\n            return;\n          }\n\n          console.log(`Running test: ${testName} for implementation: ${i.name}`);\n          await generateTestResults(i.name, testConfig);\n          this.test.cell = {columnId: i.name, rowId: testName};\n          const result = await checkTestResults(i.name, testConfig);\n          console.log(`Test result for ${i.name} - ${testName}: ${result}`);\n          should.equal(result, testConfig.expected_result);\n\n          // Log the test result in a format that matches the report generator's expectations\n          console.log(`Reporter data: ${this.test.cell.columnId},${this.test.cell.rowId},${result}`);\n        }",
          "async": 0,
          "sync": true,
          "_timeout": 150000,
          "_slow": 75,
          "_retries": -1,
          "timedOut": false,
          "_currentRetry": 0,
          "pending": false,
          "file": "/home/runner/work/vc-jose-cose-test-suite/vc-jose-cose-test-suite/tests/test-runner.js",
          "parent": "RPZPjTIcc4cZtT_rmH5O5",
          "ctx": null,
          "_testId": "urn:uuid:ce01df2e-dad2-4081-9f8b-e5782f7391de",
          "_events": {},
          "_eventsCount": 1,
          "timer": {
            "_idleTimeout": -1,
            "_idlePrev": null,
            "_idleNext": null,
            "_idleStart": 41099,
            "_onTimeout": null,
            "_repeat": null,
            "_destroyed": true
          },
          "cell": {
            "columnId": "example-server",
            "rowId": "Requirement 1: The credential must have a valid identifier (Invalid)"
          },
          "duration": 2561,
          "state": "passed",
          "speed": "slow"
        },
        {
          "type": "test",
          "title": "Requirement 2: The credential must have the correct type (Valid)",
          "body": "async function() {\n          if (!features[requiredFeature]) {\n            console.log(`Skipping test \"${testName}\" for ${i.name} due to missing feature: ${requiredFeature}`);\n            this.skip();\n            return;\n          }\n\n          console.log(`Running test: ${testName} for implementation: ${i.name}`);\n          await generateTestResults(i.name, testConfig);\n          this.test.cell = {columnId: i.name, rowId: testName};\n          const result = await checkTestResults(i.name, testConfig);\n          console.log(`Test result for ${i.name} - ${testName}: ${result}`);\n          should.equal(result, testConfig.expected_result);\n\n          // Log the test result in a format that matches the report generator's expectations\n          console.log(`Reporter data: ${this.test.cell.columnId},${this.test.cell.rowId},${result}`);\n        }",
          "async": 0,
          "sync": true,
          "_timeout": 150000,
          "_slow": 75,
          "_retries": -1,
          "timedOut": false,
          "_currentRetry": 0,
          "pending": true,
          "file": "/home/runner/work/vc-jose-cose-test-suite/vc-jose-cose-test-suite/tests/test-runner.js",
          "parent": "RPZPjTIcc4cZtT_rmH5O5",
          "ctx": null,
          "_testId": "urn:uuid:fe9eb852-57de-4542-add6-079e0579bc76",
          "_events": {},
          "_eventsCount": 1,
          "timer": {
            "_idleTimeout": -1,
            "_idlePrev": null,
            "_idleNext": null,
            "_idleStart": 41251,
            "_onTimeout": null,
            "_repeat": null,
            "_destroyed": true
          },
          "duration": 1,
          "state": "pending"
        },
        {
          "type": "test",
          "title": "Requirement 2: The credential must have the correct type (Invalid)",
          "body": "async function() {\n          if (!features[requiredFeature]) {\n            console.log(`Skipping test \"${testName}\" for ${i.name} due to missing feature: ${requiredFeature}`);\n            this.skip();\n            return;\n          }\n\n          console.log(`Running test: ${testName} for implementation: ${i.name}`);\n          await generateTestResults(i.name, testConfig);\n          this.test.cell = {columnId: i.name, rowId: testName};\n          const result = await checkTestResults(i.name, testConfig);\n          console.log(`Test result for ${i.name} - ${testName}: ${result}`);\n          should.equal(result, testConfig.expected_result);\n\n          // Log the test result in a format that matches the report generator's expectations\n          console.log(`Reporter data: ${this.test.cell.columnId},${this.test.cell.rowId},${result}`);\n        }",
          "async": 0,
          "sync": true,
          "_timeout": 150000,
          "_slow": 75,
          "_retries": -1,
          "timedOut": false,
          "_currentRetry": 0,
          "pending": true,
          "file": "/home/runner/work/vc-jose-cose-test-suite/vc-jose-cose-test-suite/tests/test-runner.js",
          "parent": "RPZPjTIcc4cZtT_rmH5O5",
          "ctx": null,
          "_testId": "urn:uuid:3c3c5430-1b00-4ed4-878c-f2e88fd4bba0",
          "_events": {},
          "_eventsCount": 1,
          "timer": {
            "_idleTimeout": -1,
            "_idlePrev": null,
            "_idleNext": null,
            "_idleStart": 41251,
            "_onTimeout": null,
            "_repeat": null,
            "_destroyed": true
          },
          "duration": 0,
          "state": "pending"
        },
        {
          "type": "test",
          "title": "Requirement 3: The credential must have a valid issuance date (Valid)",
          "body": "async function() {\n          if (!features[requiredFeature]) {\n            console.log(`Skipping test \"${testName}\" for ${i.name} due to missing feature: ${requiredFeature}`);\n            this.skip();\n            return;\n          }\n\n          console.log(`Running test: ${testName} for implementation: ${i.name}`);\n          await generateTestResults(i.name, testConfig);\n          this.test.cell = {columnId: i.name, rowId: testName};\n          const result = await checkTestResults(i.name, testConfig);\n          console.log(`Test result for ${i.name} - ${testName}: ${result}`);\n          should.equal(result, testConfig.expected_result);\n\n          // Log the test result in a format that matches the report generator's expectations\n          console.log(`Reporter data: ${this.test.cell.columnId},${this.test.cell.rowId},${result}`);\n        }",
          "async": 0,
          "sync": true,
          "_timeout": 150000,
          "_slow": 75,
          "_retries": -1,
          "timedOut": false,
          "_currentRetry": 0,
          "pending": false,
          "file": "/home/runner/work/vc-jose-cose-test-suite/vc-jose-cose-test-suite/tests/test-runner.js",
          "parent": "RPZPjTIcc4cZtT_rmH5O5",
          "ctx": null,
          "_testId": "urn:uuid:5bf5c961-8faa-4795-b8f0-ce4358dfcf85",
          "_events": {},
          "_eventsCount": 1,
          "timer": {
            "_idleTimeout": -1,
            "_idlePrev": null,
            "_idleNext": null,
            "_idleStart": 43650,
            "_onTimeout": null,
            "_repeat": null,
            "_destroyed": true
          },
          "cell": {
            "columnId": "example-server",
            "rowId": "Requirement 3: The credential must have a valid issuance date (Valid)"
          },
          "duration": 2550,
          "state": "passed",
          "speed": "slow"
        },
        {
          "type": "test",
          "title": "Requirement 3: The credential must have a valid issuance date (Invalid)",
          "body": "async function() {\n          if (!features[requiredFeature]) {\n            console.log(`Skipping test \"${testName}\" for ${i.name} due to missing feature: ${requiredFeature}`);\n            this.skip();\n            return;\n          }\n\n          console.log(`Running test: ${testName} for implementation: ${i.name}`);\n          await generateTestResults(i.name, testConfig);\n          this.test.cell = {columnId: i.name, rowId: testName};\n          const result = await checkTestResults(i.name, testConfig);\n          console.log(`Test result for ${i.name} - ${testName}: ${result}`);\n          should.equal(result, testConfig.expected_result);\n\n          // Log the test result in a format that matches the report generator's expectations\n          console.log(`Reporter data: ${this.test.cell.columnId},${this.test.cell.rowId},${result}`);\n        }",
          "async": 0,
          "sync": true,
          "_timeout": 150000,
          "_slow": 75,
          "_retries": -1,
          "timedOut": false,
          "_currentRetry": 0,
          "pending": false,
          "file": "/home/runner/work/vc-jose-cose-test-suite/vc-jose-cose-test-suite/tests/test-runner.js",
          "parent": "RPZPjTIcc4cZtT_rmH5O5",
          "ctx": null,
          "_testId": "urn:uuid:6088cdff-39b4-4935-ad74-f08af31359bb",
          "_events": {},
          "_eventsCount": 1,
          "timer": {
            "_idleTimeout": -1,
            "_idlePrev": null,
            "_idleNext": null,
            "_idleStart": 46185,
            "_onTimeout": null,
            "_repeat": null,
            "_destroyed": true
          },
          "cell": {
            "columnId": "example-server",
            "rowId": "Requirement 3: The credential must have a valid issuance date (Invalid)"
          },
          "duration": 2534,
          "state": "passed",
          "speed": "slow"
        }
      ],
      "root": false,
      "pending": false,
      "_retries": -1,
      "_beforeEach": [],
      "_beforeAll": [],
      "_afterEach": [],
      "_afterAll": [],
      "_timeout": 150000,
      "_slow": 75,
      "_bail": false,
      "_onlyTests": [],
      "_onlySuites": [],
      "delayed": false,
      "parent": "ytmjX96FkKmKKM9ejEQYG",
      "file": "/home/runner/work/vc-jose-cose-test-suite/vc-jose-cose-test-suite/tests/test-runner.js",
      "matrix": true,
      "report": true,
      "implemented": [
        "example-sdk",
        "example-server"
      ],
      "rowLabel": "Test Name",
      "columnLabel": "Implementation",
      "_testId": "urn:uuid:cbbaed43-bca7-4ed9-a4e7-783afdb5a59c"
    }
  ],
  "tests": [],
  "root": true,
  "pending": false,
  "_retries": -1,
  "_beforeEach": [],
  "_beforeAll": [],
  "_afterEach": [],
  "_afterAll": [],
  "_timeout": 150000,
  "_slow": 75,
  "_bail": false,
  "_onlyTests": [],
  "_onlySuites": [],
  "delayed": false,
  "_events": {
    "pre-require": [
      null,
      null
    ]
  },
  "_eventsCount": 1,
  "_testId": "urn:uuid:728aa4e3-6335-4232-b9b3-e730e06d89d1"
}